<?xml version="1.0" encoding="UTF-8"?>
<!-- Generated by org.testng.reporters.JUnitXMLReporter -->
<testsuite hostname="DESKTOP-MMJC98U" ignored="0" name="Default test" tests="6" failures="0" timestamp="05 Jul 2019 03:06:44 GMT" time="40.845" errors="0">
  <testcase name="googleTitleTest" time="0.027" classname="Test.GoogleTest"/>
  <testcase name="mailLinkTest" time="0.045" classname="Test.GoogleTest"/>
  <testcase name="googleLogoTest" time="0.067" classname="Test.GoogleTest"/>
  <testcase name="test1" time="0.001" classname="Test.GoogleTest"/>
  <testcase name="test2" time="0.001" classname="Test.GoogleTest"/>
  <testcase name="test3" time="0.002" classname="Test.GoogleTest"/>
</testsuite> <!-- Default test -->
