<?xml version="1.0" encoding="UTF-8"?>
<testng-results skipped="0" failed="0" ignored="0" total="6" passed="6">
  <reporter-output>
  </reporter-output>
  <suite name="Default suite" duration-ms="40845" started-at="2019-07-05T03:06:04Z" finished-at="2019-07-05T03:06:44Z">
    <groups>
      <group name="Link Test">
        <method signature="GoogleTest.mailLinkTest()[pri:2, instance:Test.GoogleTest@6d64ab]" name="mailLinkTest" class="Test.GoogleTest"/>
      </group> <!-- Link Test -->
      <group name="Test">
        <method signature="GoogleTest.test1()[pri:4, instance:Test.GoogleTest@6d64ab]" name="test1" class="Test.GoogleTest"/>
        <method signature="GoogleTest.test2()[pri:5, instance:Test.GoogleTest@6d64ab]" name="test2" class="Test.GoogleTest"/>
        <method signature="GoogleTest.test3()[pri:6, instance:Test.GoogleTest@6d64ab]" name="test3" class="Test.GoogleTest"/>
      </group> <!-- Test -->
      <group name="Title">
        <method signature="GoogleTest.googleTitleTest()[pri:1, instance:Test.GoogleTest@6d64ab]" name="googleTitleTest" class="Test.GoogleTest"/>
      </group> <!-- Title -->
      <group name="Logo">
        <method signature="GoogleTest.googleLogoTest()[pri:3, instance:Test.GoogleTest@6d64ab]" name="googleLogoTest" class="Test.GoogleTest"/>
      </group> <!-- Logo -->
    </groups>
    <test name="Default test" duration-ms="40845" started-at="2019-07-05T03:06:04Z" finished-at="2019-07-05T03:06:44Z">
      <class name="Test.GoogleTest">
        <test-method status="PASS" signature="setUp()[pri:0, instance:Test.GoogleTest@6d64ab]" name="setUp" is-config="true" duration-ms="7111" started-at="2019-07-05T03:06:04Z" finished-at="2019-07-05T03:06:11Z">
          <reporter-output>
          </reporter-output>
        </test-method> <!-- setUp -->
        <test-method status="PASS" signature="googleTitleTest()[pri:1, instance:Test.GoogleTest@6d64ab]" name="googleTitleTest" duration-ms="27" started-at="2019-07-05T03:06:11Z" finished-at="2019-07-05T03:06:11Z">
          <reporter-output>
          </reporter-output>
        </test-method> <!-- googleTitleTest -->
        <test-method status="PASS" signature="tearDown()[pri:0, instance:Test.GoogleTest@6d64ab]" name="tearDown" is-config="true" duration-ms="650" started-at="2019-07-05T03:06:11Z" finished-at="2019-07-05T03:06:11Z">
          <reporter-output>
          </reporter-output>
        </test-method> <!-- tearDown -->
        <test-method status="PASS" signature="setUp()[pri:0, instance:Test.GoogleTest@6d64ab]" name="setUp" is-config="true" duration-ms="5861" started-at="2019-07-05T03:06:11Z" finished-at="2019-07-05T03:06:17Z">
          <reporter-output>
          </reporter-output>
        </test-method> <!-- setUp -->
        <test-method status="PASS" signature="mailLinkTest()[pri:2, instance:Test.GoogleTest@6d64ab]" name="mailLinkTest" duration-ms="45" started-at="2019-07-05T03:06:17Z" finished-at="2019-07-05T03:06:17Z">
          <reporter-output>
          </reporter-output>
        </test-method> <!-- mailLinkTest -->
        <test-method status="PASS" signature="tearDown()[pri:0, instance:Test.GoogleTest@6d64ab]" name="tearDown" is-config="true" duration-ms="624" started-at="2019-07-05T03:06:17Z" finished-at="2019-07-05T03:06:18Z">
          <reporter-output>
          </reporter-output>
        </test-method> <!-- tearDown -->
        <test-method status="PASS" signature="setUp()[pri:0, instance:Test.GoogleTest@6d64ab]" name="setUp" is-config="true" duration-ms="6793" started-at="2019-07-05T03:06:18Z" finished-at="2019-07-05T03:06:25Z">
          <reporter-output>
          </reporter-output>
        </test-method> <!-- setUp -->
        <test-method status="PASS" signature="googleLogoTest()[pri:3, instance:Test.GoogleTest@6d64ab]" name="googleLogoTest" duration-ms="67" started-at="2019-07-05T03:06:25Z" finished-at="2019-07-05T03:06:25Z">
          <reporter-output>
          </reporter-output>
        </test-method> <!-- googleLogoTest -->
        <test-method status="PASS" signature="tearDown()[pri:0, instance:Test.GoogleTest@6d64ab]" name="tearDown" is-config="true" duration-ms="705" started-at="2019-07-05T03:06:25Z" finished-at="2019-07-05T03:06:25Z">
          <reporter-output>
          </reporter-output>
        </test-method> <!-- tearDown -->
        <test-method status="PASS" signature="setUp()[pri:0, instance:Test.GoogleTest@6d64ab]" name="setUp" is-config="true" duration-ms="5713" started-at="2019-07-05T03:06:25Z" finished-at="2019-07-05T03:06:31Z">
          <reporter-output>
          </reporter-output>
        </test-method> <!-- setUp -->
        <test-method status="PASS" signature="test1()[pri:4, instance:Test.GoogleTest@6d64ab]" name="test1" duration-ms="1" started-at="2019-07-05T03:06:31Z" finished-at="2019-07-05T03:06:31Z">
          <reporter-output>
          </reporter-output>
        </test-method> <!-- test1 -->
        <test-method status="PASS" signature="tearDown()[pri:0, instance:Test.GoogleTest@6d64ab]" name="tearDown" is-config="true" duration-ms="666" started-at="2019-07-05T03:06:31Z" finished-at="2019-07-05T03:06:32Z">
          <reporter-output>
          </reporter-output>
        </test-method> <!-- tearDown -->
        <test-method status="PASS" signature="setUp()[pri:0, instance:Test.GoogleTest@6d64ab]" name="setUp" is-config="true" duration-ms="5438" started-at="2019-07-05T03:06:32Z" finished-at="2019-07-05T03:06:37Z">
          <reporter-output>
          </reporter-output>
        </test-method> <!-- setUp -->
        <test-method status="PASS" signature="test2()[pri:5, instance:Test.GoogleTest@6d64ab]" name="test2" duration-ms="1" started-at="2019-07-05T03:06:37Z" finished-at="2019-07-05T03:06:37Z">
          <reporter-output>
          </reporter-output>
        </test-method> <!-- test2 -->
        <test-method status="PASS" signature="tearDown()[pri:0, instance:Test.GoogleTest@6d64ab]" name="tearDown" is-config="true" duration-ms="661" started-at="2019-07-05T03:06:37Z" finished-at="2019-07-05T03:06:38Z">
          <reporter-output>
          </reporter-output>
        </test-method> <!-- tearDown -->
        <test-method status="PASS" signature="setUp()[pri:0, instance:Test.GoogleTest@6d64ab]" name="setUp" is-config="true" duration-ms="5790" started-at="2019-07-05T03:06:38Z" finished-at="2019-07-05T03:06:44Z">
          <reporter-output>
          </reporter-output>
        </test-method> <!-- setUp -->
        <test-method status="PASS" signature="test3()[pri:6, instance:Test.GoogleTest@6d64ab]" name="test3" duration-ms="2" started-at="2019-07-05T03:06:44Z" finished-at="2019-07-05T03:06:44Z">
          <reporter-output>
          </reporter-output>
        </test-method> <!-- test3 -->
        <test-method status="PASS" signature="tearDown()[pri:0, instance:Test.GoogleTest@6d64ab]" name="tearDown" is-config="true" duration-ms="646" started-at="2019-07-05T03:06:44Z" finished-at="2019-07-05T03:06:44Z">
          <reporter-output>
          </reporter-output>
        </test-method> <!-- tearDown -->
      </class> <!-- Test.GoogleTest -->
    </test> <!-- Default test -->
  </suite> <!-- Default suite -->
</testng-results>
